<?xml version="1.0" encoding="UTF-8"?>
<testsuite xmlns:xsi="http://www.w3.org/2001/XMLSchema-instance" xsi:noNamespaceSchemaLocation="https://maven.apache.org/surefire/maven-surefire-plugin/xsd/surefire-test-report.xsd" name="latice.controller.RefereeTest" time="0.01" tests="11" errors="0" skipped="0" failures="0">
  <properties>
[...]
</properties>
  <testcase name="testDrawWithEmptyPool" classname="latice.controller.RefereeTest" time="0"/>
  <testcase name="testCreatePlayerPoolDistributesTiles" classname="latice.controller.RefereeTest" time="0"/>
  <testcase name="testIsPlacementValid_InvalidDifferentColorAndShapeNeighbor" classname="latice.controller.RefereeTest" time="0.002"/>
  <testcase name="testIsPlacementValid_InvalidNonCenterFirstPlacement" classname="latice.controller.RefereeTest" time="0.001"/>
  <testcase name="testIsPlacementValid_ValidMatchingShapeNeighbor" classname="latice.controller.RefereeTest" time="0.001"/>
  <testcase name="testInitialPlayerSetup" classname="latice.controller.RefereeTest" time="0.001"/>
  <testcase name="testIsPlacementValid_CenterPlacement" classname="latice.controller.RefereeTest" time="0.001"/>
  <testcase name="testChoosePlayer" classname="latice.controller.RefereeTest" time="0"/>
  <testcase name="testGameBoardInitialization" classname="latice.controller.RefereeTest" time="0"/>
  <testcase name="testDrawAddsFiveTilesToRack" classname="latice.controller.RefereeTest" time="0.001"/>
  <testcase name="testDrawWithLessThanFiveTiles" classname="latice.controller.RefereeTest" time="0.001"/>
</testsuite>